2018-11-30 10:32:25,370:INFO: Creating the datasets...
2018-11-30 10:32:27,857:INFO: Creating the model...
2018-11-30 10:32:29,806:INFO: Starting training for 10 epoch(s)
2018-11-30 10:32:31,891:INFO: Epoch 1/10
2018-11-30 11:06:08,915:INFO: - Train metrics: macro_f1_score: 0.12239213 ; loss: 0.40473017
2018-11-30 11:06:27,424:INFO: - Eval metrics: macro_f1_score: 0.11085799 ; loss: 0.19391170
2018-11-30 11:06:28,041:INFO: - Found new best macro_f1_score, saving in experiments/04-1e4train/best_weights/after-epoch-1
2018-11-30 11:06:28,043:INFO: Epoch 2/10
2018-11-30 11:42:06,532:INFO: - Train metrics: macro_f1_score: 0.28247035 ; loss: 0.17164168
2018-11-30 11:42:24,804:INFO: - Eval metrics: macro_f1_score: 0.33234417 ; loss: 0.15756024
2018-11-30 11:42:25,401:INFO: - Found new best macro_f1_score, saving in experiments/04-1e4train/best_weights/after-epoch-2
2018-11-30 11:42:25,404:INFO: Epoch 3/10
2018-11-30 12:16:24,579:INFO: - Train metrics: macro_f1_score: 0.33079994 ; loss: 0.15676087
2018-11-30 12:16:41,446:INFO: - Eval metrics: macro_f1_score: 0.37640446 ; loss: 0.15193148
2018-11-30 12:16:41,946:INFO: - Found new best macro_f1_score, saving in experiments/04-1e4train/best_weights/after-epoch-3
2018-11-30 12:16:41,947:INFO: Epoch 4/10
2018-11-30 12:51:22,664:INFO: - Train metrics: macro_f1_score: 0.34607667 ; loss: 0.15194744
2018-11-30 12:51:37,678:INFO: - Eval metrics: macro_f1_score: 0.39172408 ; loss: 0.14889781
2018-11-30 12:51:38,214:INFO: - Found new best macro_f1_score, saving in experiments/04-1e4train/best_weights/after-epoch-4
2018-11-30 12:51:38,216:INFO: Epoch 5/10
