2018-12-15 01:53:18,935:INFO: Creating the dataset...
2018-12-15 01:53:19,004:INFO: Creating the model...
2018-12-15 01:54:18,960:INFO: Creating the dataset...
2018-12-15 01:54:19,030:INFO: Creating the model...
2018-12-15 02:07:59,641:INFO: Creating the dataset...
2018-12-15 02:07:59,712:INFO: Creating the model...
2018-12-15 02:13:42,561:INFO: - Eval metrics: macro_f1_score: 0.13165888 ; loss: 0.69314712
2018-12-15 02:18:27,744:INFO: Creating the dataset...
2018-12-15 02:18:27,816:INFO: Creating the model...
2018-12-15 02:18:28,208:INFO: Starting evaluation
2018-12-15 02:18:28,842:INFO: Restoring parameters from experiments/07_full_images/best_weights/after-epoch-15
2018-12-15 02:18:48,906:INFO: Creating the dataset...
2018-12-15 02:18:48,976:INFO: Creating the model...
2018-12-15 02:18:49,365:INFO: Starting evaluation
2018-12-15 02:18:49,978:INFO: Restoring parameters from experiments/07_full_images/best_weights/after-epoch-15
2018-12-15 02:18:59,359:INFO: - Eval metrics: macro_f1_score: 0.98972911 ; loss: 0.00446440
2018-12-15 02:19:38,874:INFO: Creating the dataset...
2018-12-15 02:19:39,938:INFO: Creating the model...
2018-12-15 02:19:40,320:INFO: Starting evaluation
2018-12-15 02:19:40,958:INFO: Restoring parameters from experiments/07_full_images/best_weights/after-epoch-15
2018-12-15 02:22:37,779:INFO: Creating the dataset...
2018-12-15 02:22:37,849:INFO: Creating the model...
2018-12-15 02:22:38,236:INFO: Starting evaluation
2018-12-15 02:22:38,869:INFO: Restoring parameters from experiments/07_full_images/best_weights/after-epoch-15
2018-12-15 02:22:46,316:INFO: - Eval metrics: macro_f1_score: 0.98972911 ; loss: 0.00424506
2018-12-15 02:24:13,772:INFO: Creating the dataset...
2018-12-15 02:24:13,843:INFO: Creating the model...
2018-12-15 02:24:14,231:INFO: Starting evaluation
2018-12-15 02:24:14,862:INFO: Restoring parameters from experiments/07_full_images/best_weights/after-epoch-15
2018-12-15 02:24:22,334:INFO: - Eval metrics: macro_f1_score: 0.98489422 ; loss: 0.00593469
2018-12-15 02:29:31,482:INFO: Creating the dataset...
2018-12-15 02:29:31,551:INFO: Creating the model...
2018-12-15 02:46:13,350:INFO: Creating the dataset...
2018-12-15 02:46:13,418:INFO: Creating the model...
2018-12-15 02:50:22,944:INFO: Creating the dataset...
2018-12-15 02:50:23,016:INFO: Creating the model...
2018-12-15 03:03:50,416:INFO: Creating the dataset...
2018-12-15 03:03:50,486:INFO: Creating the model...
2018-12-15 03:07:35,089:INFO: Creating the dataset...
2018-12-15 03:07:35,161:INFO: Creating the model...
2018-12-15 03:07:36,146:INFO: Starting evaluation
2018-12-15 03:07:36,260:INFO: Restoring parameters from experiments/07_full_images/best_weights/after-epoch-15
2018-12-15 03:07:43,566:INFO: - Eval metrics: macro_f1_score: 0.98489422 ; loss: 0.00640562
2018-12-15 03:12:28,849:INFO: Creating the dataset...
2018-12-15 03:12:28,920:INFO: Creating the model...
2018-12-15 03:12:29,902:INFO: Starting evaluation
2018-12-15 03:12:30,012:INFO: Restoring parameters from experiments/07_full_images/best_weights/after-epoch-15
2018-12-15 03:12:37,345:INFO: - Eval metrics: macro_f1_score: 0.98489422 ; loss: 0.00616649
2018-12-15 04:00:32,531:INFO: Creating the dataset...
2018-12-15 04:00:32,602:INFO: Creating the model...
2018-12-15 04:00:33,602:INFO: Starting evaluation
2018-12-15 04:02:49,728:INFO: Creating the dataset...
2018-12-15 04:02:49,819:INFO: Creating the model...
2018-12-15 04:02:52,950:INFO: Starting evaluation
2018-12-15 04:09:05,942:INFO: Creating the dataset...
2018-12-15 04:09:06,027:INFO: Creating the model...
2018-12-15 04:09:09,484:INFO: Starting evaluation
2018-12-15 04:14:34,902:INFO: Creating the dataset...
2018-12-15 04:14:34,988:INFO: Creating the model...
2018-12-15 04:14:37,557:INFO: Starting evaluation
2018-12-15 04:14:37,670:INFO: Restoring parameters from experiments/07_full_images/best_weights/after-epoch-15
2018-12-15 04:18:00,734:INFO: Creating the dataset...
2018-12-15 04:18:00,803:INFO: Creating the model...
2018-12-15 04:18:01,781:INFO: Starting evaluation
2018-12-15 04:18:01,893:INFO: Restoring parameters from experiments/07_full_images/best_weights/after-epoch-15
2018-12-15 04:18:39,852:INFO: Creating the dataset...
2018-12-15 04:18:39,921:INFO: Creating the model...
2018-12-15 04:19:05,824:INFO: Creating the dataset...
2018-12-15 04:19:05,893:INFO: Creating the model...
2018-12-15 04:19:06,879:INFO: Starting evaluation
2018-12-15 04:19:06,992:INFO: Restoring parameters from experiments/07_full_images/best_weights/after-epoch-15
2018-12-15 04:20:44,579:INFO: Creating the dataset...
2018-12-15 04:20:44,649:INFO: Creating the model...
2018-12-15 04:20:45,642:INFO: Starting evaluation
2018-12-15 04:20:45,755:INFO: Restoring parameters from experiments/07_full_images/best_weights/after-epoch-15
2018-12-15 04:20:56,497:INFO: - Eval metrics: macro_f1_score: 0.98489422 ; loss: 0.00607711
2018-12-15 04:21:46,589:INFO: Creating the dataset...
2018-12-15 04:21:46,659:INFO: Creating the model...
2018-12-15 04:24:53,383:INFO: Creating the dataset...
2018-12-15 04:24:53,474:INFO: Creating the model...
2018-12-15 04:27:01,944:INFO: Creating the dataset...
2018-12-15 04:27:02,034:INFO: Creating the model...
2018-12-15 04:29:14,264:INFO: Creating the dataset...
2018-12-15 04:29:14,349:INFO: Creating the model...
2018-12-15 04:31:19,134:INFO: Creating the dataset...
2018-12-15 04:31:19,221:INFO: Creating the model...
2018-12-15 04:36:37,600:INFO: Creating the dataset...
2018-12-15 04:36:37,689:INFO: Creating the model...
2018-12-15 04:36:38,088:INFO: Evaluating...
2018-12-15 04:37:36,325:INFO: Creating the dataset...
2018-12-15 04:37:36,395:INFO: Creating the model...
2018-12-15 04:37:36,797:INFO: Evaluating...
2018-12-15 04:40:13,965:INFO: Creating the dataset...
2018-12-15 04:40:14,035:INFO: Creating the model...
2018-12-15 04:40:14,431:INFO: Evaluating...
2018-12-15 04:43:35,727:INFO: Creating the dataset...
2018-12-15 04:43:35,798:INFO: Creating the model...
2018-12-15 04:43:36,195:INFO: Evaluating...
2018-12-15 04:45:20,655:INFO: Creating the dataset...
2018-12-15 04:45:20,726:INFO: Creating the model...
2018-12-15 04:45:21,129:INFO: Evaluating...
2018-12-15 04:52:26,545:INFO: Creating the dataset...
2018-12-15 04:52:26,615:INFO: Creating the model...
2018-12-15 04:52:27,018:INFO: Evaluating...
2018-12-15 04:53:49,759:INFO: Creating the dataset...
2018-12-15 04:53:49,827:INFO: Creating the model...
2018-12-15 04:53:50,214:INFO: Evaluating...
2018-12-15 04:55:21,426:INFO: Creating the dataset...
2018-12-15 04:55:21,497:INFO: Creating the model...
2018-12-15 04:55:21,899:INFO: Evaluating...
2018-12-15 06:07:11,910:INFO: Creating the dataset...
2018-12-15 06:07:11,979:INFO: Creating the model...
2018-12-15 06:07:12,367:INFO: Evaluating...
2018-12-15 06:07:54,498:INFO: Creating the dataset...
2018-12-15 06:07:54,566:INFO: Creating the model...
2018-12-15 06:07:54,953:INFO: Evaluating...
2018-12-15 06:08:33,155:INFO: Creating the dataset...
2018-12-15 06:08:33,224:INFO: Creating the model...
2018-12-15 06:08:33,618:INFO: Evaluating...
2018-12-15 06:10:29,613:INFO: Creating the dataset...
2018-12-15 06:10:29,683:INFO: Creating the model...
2018-12-15 06:10:30,084:INFO: Evaluating...
2018-12-15 06:11:25,618:INFO: Creating the dataset...
2018-12-15 06:11:25,687:INFO: Creating the model...
2018-12-15 06:11:26,079:INFO: Evaluating...
2018-12-15 06:13:10,168:INFO: Creating the dataset...
2018-12-15 06:13:10,238:INFO: Creating the model...
2018-12-15 06:13:10,636:INFO: Evaluating...
2018-12-15 06:14:32,538:INFO: Creating the dataset...
2018-12-15 06:14:32,606:INFO: Creating the model...
2018-12-15 06:14:32,994:INFO: Evaluating...
2018-12-15 06:16:20,739:INFO: Creating the dataset...
2018-12-15 06:16:20,808:INFO: Creating the model...
2018-12-15 06:16:21,197:INFO: Evaluating...
2018-12-15 06:17:49,941:INFO: Creating the dataset...
2018-12-15 06:17:50,010:INFO: Creating the model...
2018-12-15 06:17:50,400:INFO: Evaluating...
2018-12-15 06:19:04,129:INFO: Creating the dataset...
2018-12-15 06:19:04,198:INFO: Creating the model...
2018-12-15 06:19:04,594:INFO: Evaluating...
2018-12-15 06:19:33,839:INFO: Creating the dataset...
2018-12-15 06:19:33,909:INFO: Creating the model...
2018-12-15 06:19:34,299:INFO: Evaluating...
2018-12-15 06:40:00,773:INFO: Creating the dataset...
2018-12-15 06:40:00,841:INFO: Creating the model...
2018-12-15 06:40:01,231:INFO: Evaluating...
2018-12-15 06:41:50,258:INFO: Creating the dataset...
2018-12-15 06:41:50,328:INFO: Creating the model...
2018-12-15 06:41:50,731:INFO: Evaluating...
2018-12-15 06:41:51,366:INFO: Restoring parameters from experiments/07_full_images/best_weights/after-epoch-15
2018-12-15 06:41:59,086:INFO: - Eval metrics: macro_f1_score: 0.98489422 ; loss: 0.00614866
2018-12-15 06:42:26,453:INFO: Creating the dataset...
2018-12-15 06:42:26,522:INFO: Creating the model...
2018-12-15 06:42:26,912:INFO: Evaluating...
2018-12-15 06:42:27,539:INFO: Restoring parameters from experiments/07_full_images/best_weights/after-epoch-15
2018-12-15 06:42:34,957:INFO: - Eval metrics: macro_f1_score: 0.98489422 ; loss: 0.00615106
